<?xml version="1.0" encoding="UTF-8"?>
<Site BuildName="(empty)"
	BuildStamp="20260515-0042-Experimental"
	Name="(empty)"
	Generator="ctest-4.3.1"
	CompilerName=""
	CompilerVersion=""
	OSName="Windows"
	Hostname="DESKTOP-G041B6R"
	OSRelease="10.0.19045"
	OSVersion="Windows 10"
	OSPlatform="AMD64"
	Is64Bits="1"
	VendorString=""
	VendorID="Unknown Manufacturer"
	FamilyID="0"
	ModelID="0"
	ModelName=""
	ProcessorCacheSize="0"
	NumberOfLogicalCPU="4"
	NumberOfPhysicalCPU="4"
	TotalVirtualMemory="7491"
	TotalPhysicalMemory="8130"
	LogicalProcessorsPerPhysical="1"
	ProcessorClockFrequency="3401.000000"
	>
	<Testing>
		<StartDateTime>May 15 10:02 [NON-UTF-8-BYTE-0xB4][NON-UTF-8-BYTE-0xEB][NON-UTF-8-BYTE-0xC7]ѹα[NON-UTF-8-BYTE-0xB9] ǥ[NON-UTF-8-BYTE-0xC1]ؽ[NON-UTF-8-BYTE-0xC3]</StartDateTime>
		<StartTestTime>1778806946</StartTestTime>
		<TestList>
			<Test>./GildedRoseTest.SulfurasNoChangesAfterUpdate</Test>
		</TestList>
		<Test Status="passed">
			<Name>GildedRoseTest.SulfurasNoChangesAfterUpdate</Name>
			<Path>.</Path>
			<FullName>./GildedRoseTest.SulfurasNoChangesAfterUpdate</FullName>
			<FullCommandLine>E:\dev\GildedRose_13\build\cpp\gilded_rose_test.exe "--gtest_filter=GildedRoseTest.SulfurasNoChangesAfterUpdate" "--gtest_also_run_disabled_tests"</FullCommandLine>
			<StartTestTime>1778806946.120640</StartTestTime>
			<Results>
				<NamedMeasurement type="numeric/double" name="Execution Time">
					<Value>0.035516</Value>
				</NamedMeasurement>
				<NamedMeasurement type="numeric/double" name="Processors">
					<Value>1</Value>
				</NamedMeasurement>
				<NamedMeasurement type="text/string" name="Completion Status">
					<Value>Completed</Value>
				</NamedMeasurement>
				<NamedMeasurement type="text/string" name="Command Line">
					<Value>E:\dev\GildedRose_13\build\cpp\gilded_rose_test.exe "--gtest_filter=GildedRoseTest.SulfurasNoChangesAfterUpdate" "--gtest_also_run_disabled_tests"</Value>
				</NamedMeasurement>
				<NamedMeasurement type="text/string" name="Environment">
					<Value>#CTEST_RESOURCE_GROUP_COUNT=</Value>
				</NamedMeasurement>
				<Measurement>
					<Value encoding="base64" compression="gzip">eJyVUMtqwzAQvOsr9hgfbBp6C+QQ2uBDwS12c7KCUay1K5AlI63S368fIY0LhWROu9rZ2dHkwRhlWuiEMqsIGmc72G+4xDNPlZYoc+uxWj/zUxhaXvc9ryT2nrfWthoJPcXe1Tctn9qxqkbRpK5ZZgk3kE4U+Bwm0ChN6GALv0fG96QIuglO+My+fAnTot81A+/QS0HIyu0VR8gvxtdAk+Bo/FL7oAgTVsZXHCHV9iT0PEdzVs6aDs3ARYpD/4d8q7k0yErIDxlMOD5mfl6C97fHFmH1BJ2P7jU404EsCR2x+zIgFC6W9tssE/4vWXDCJMs7w+c+dkWxfx1TmbkJ+wFFycgJ====</Value>
				</Measurement>
			</Results>
		</Test>
		<EndDateTime>May 15 10:02 [NON-UTF-8-BYTE-0xB4][NON-UTF-8-BYTE-0xEB][NON-UTF-8-BYTE-0xC7]ѹα[NON-UTF-8-BYTE-0xB9] ǥ[NON-UTF-8-BYTE-0xC1]ؽ[NON-UTF-8-BYTE-0xC3]</EndDateTime>
		<EndTestTime>1778806946</EndTestTime>
		<ElapsedMinutes>0</ElapsedMinutes>
	</Testing>
</Site>
