Start testing: May 13 16:29 대한민국 표준시
----------------------------------------------------------
4/13 Testing: GildedRoseTest.SulfurasNoChangesAfterUpdate
4/13 Test: GildedRoseTest.SulfurasNoChangesAfterUpdate
Command: "E:/dev/GildedRose_13/build/cpp/gilded_rose_test.exe" "--gtest_filter=GildedRoseTest.SulfurasNoChangesAfterUpdate" "--gtest_also_run_disabled_tests"
Directory: E:/dev/GildedRose_13/build/cpp
"GildedRoseTest.SulfurasNoChangesAfterUpdate" start time: May 13 16:29 대한민국 표준시
Output:
----------------------------------------------------------
Running main() from E:\dev\GildedRose_13\build\cpp\_deps\googletest-src\googletest\src\gtest_main.cc
Note: Google Test filter = GildedRoseTest.SulfurasNoChangesAfterUpdate
[==========] Running 1 test from 1 test suite.
[----------] Global test environment set-up.
[----------] 1 test from GildedRoseTest
[ RUN      ] GildedRoseTest.SulfurasNoChangesAfterUpdate
[       OK ] GildedRoseTest.SulfurasNoChangesAfterUpdate (0 ms)
[----------] 1 test from GildedRoseTest (0 ms total)

[----------] Global test environment tear-down
[==========] 1 test from 1 test suite ran. (0 ms total)
[  PASSED  ] 1 test.
<end of output>
Test time =   0.03 sec
----------------------------------------------------------
Test Passed.
"GildedRoseTest.SulfurasNoChangesAfterUpdate" end time: May 13 16:29 대한민국 표준시
"GildedRoseTest.SulfurasNoChangesAfterUpdate" time elapsed: 00:00:00
----------------------------------------------------------

End testing: May 13 16:29 대한민국 표준시
